<?xml version="1.0" encoding="UTF-8"?>
<coverage generated="1725467745825" clover="3.2.0">
  <project timestamp="1725467745825" name="All files">
    <metrics statements="57" coveredstatements="56" conditionals="11" coveredconditionals="8" methods="31" coveredmethods="30" elements="99" coveredelements="94" complexity="0" loc="57" ncloc="57" packages="4" files="15" classes="15"/>
    <package name="__tests__.fakes">
      <metrics statements="9" coveredstatements="9" conditionals="0" coveredconditionals="0" methods="2" coveredmethods="2"/>
      <file name="generateFakeAddress.ts" path="C:\Users\Claud\Desktop\userhub\src\__tests__\fakes\generateFakeAddress.ts">
        <metrics statements="3" coveredstatements="3" conditionals="0" coveredconditionals="0" methods="1" coveredmethods="1"/>
        <line num="2" count="2" type="stmt"/>
        <line num="4" count="2" type="stmt"/>
        <line num="5" count="12" type="stmt"/>
      </file>
      <file name="generateFakeUser.ts" path="C:\Users\Claud\Desktop\userhub\src\__tests__\fakes\generateFakeUser.ts">
        <metrics statements="6" coveredstatements="6" conditionals="0" coveredconditionals="0" methods="1" coveredmethods="1"/>
        <line num="1" count="1" type="stmt"/>
        <line num="2" count="1" type="stmt"/>
        <line num="3" count="1" type="stmt"/>
        <line num="5" count="1" type="stmt"/>
        <line num="6" count="4" type="stmt"/>
        <line num="15" count="4" type="stmt"/>
      </file>
    </package>
    <package name="domain.entities">
      <metrics statements="3" coveredstatements="2" conditionals="0" coveredconditionals="0" methods="2" coveredmethods="1"/>
      <file name="User.ts" path="C:\Users\Claud\Desktop\userhub\src\domain\entities\User.ts">
        <metrics statements="3" coveredstatements="2" conditionals="0" coveredconditionals="0" methods="2" coveredmethods="1"/>
        <line num="12" count="2" type="stmt"/>
        <line num="21" count="13" type="stmt"/>
        <line num="25" count="0" type="stmt"/>
      </file>
    </package>
    <package name="domain.usecases">
      <metrics statements="36" coveredstatements="36" conditionals="3" coveredconditionals="3" methods="22" coveredmethods="22"/>
      <file name="CreateAddressUseCase.ts" path="C:\Users\Claud\Desktop\userhub\src\domain\usecases\CreateAddressUseCase.ts">
        <metrics statements="3" coveredstatements="3" conditionals="0" coveredconditionals="0" methods="2" coveredmethods="2"/>
        <line num="4" count="1" type="stmt"/>
        <line num="5" count="6" type="stmt"/>
        <line num="8" count="6" type="stmt"/>
      </file>
      <file name="CreateUserUseCase.ts" path="C:\Users\Claud\Desktop\userhub\src\domain\usecases\CreateUserUseCase.ts">
        <metrics statements="3" coveredstatements="3" conditionals="0" coveredconditionals="0" methods="2" coveredmethods="2"/>
        <line num="5" count="1" type="stmt"/>
        <line num="6" count="1" type="stmt"/>
        <line num="9" count="8" type="stmt"/>
      </file>
      <file name="DeleteAddressUseCase.ts" path="C:\Users\Claud\Desktop\userhub\src\domain\usecases\DeleteAddressUseCase.ts">
        <metrics statements="3" coveredstatements="3" conditionals="0" coveredconditionals="0" methods="2" coveredmethods="2"/>
        <line num="3" count="1" type="stmt"/>
        <line num="4" count="6" type="stmt"/>
        <line num="7" count="2" type="stmt"/>
      </file>
      <file name="DeleteUserUseCase.ts" path="C:\Users\Claud\Desktop\userhub\src\domain\usecases\DeleteUserUseCase.ts">
        <metrics statements="3" coveredstatements="3" conditionals="0" coveredconditionals="0" methods="2" coveredmethods="2"/>
        <line num="3" count="1" type="stmt"/>
        <line num="4" count="1" type="stmt"/>
        <line num="7" count="1" type="stmt"/>
      </file>
      <file name="FindAllAddressesUseCase.ts" path="C:\Users\Claud\Desktop\userhub\src\domain\usecases\FindAllAddressesUseCase.ts">
        <metrics statements="4" coveredstatements="4" conditionals="1" coveredconditionals="1" methods="3" coveredmethods="3"/>
        <line num="4" count="1" type="stmt"/>
        <line num="5" count="6" type="stmt"/>
        <line num="7" count="2" type="cond" truecount="1" falsecount="0"/>
        <line num="8" count="2" type="stmt"/>
      </file>
      <file name="FindAllUsersUseCase.ts" path="C:\Users\Claud\Desktop\userhub\src\domain\usecases\FindAllUsersUseCase.ts">
        <metrics statements="3" coveredstatements="3" conditionals="0" coveredconditionals="0" methods="2" coveredmethods="2"/>
        <line num="4" count="1" type="stmt"/>
        <line num="5" count="1" type="stmt"/>
        <line num="8" count="1" type="stmt"/>
      </file>
      <file name="GetAddressesUseCase.ts" path="C:\Users\Claud\Desktop\userhub\src\domain\usecases\GetAddressesUseCase.ts">
        <metrics statements="4" coveredstatements="4" conditionals="1" coveredconditionals="1" methods="3" coveredmethods="3"/>
        <line num="4" count="1" type="stmt"/>
        <line num="5" count="6" type="stmt"/>
        <line num="8" count="1" type="stmt"/>
        <line num="11" count="1" type="stmt"/>
      </file>
      <file name="GetUserUseCase.ts" path="C:\Users\Claud\Desktop\userhub\src\domain\usecases\GetUserUseCase.ts">
        <metrics statements="3" coveredstatements="3" conditionals="0" coveredconditionals="0" methods="2" coveredmethods="2"/>
        <line num="4" count="1" type="stmt"/>
        <line num="5" count="1" type="stmt"/>
        <line num="8" count="2" type="stmt"/>
      </file>
      <file name="UpdateAddressUseCase.ts" path="C:\Users\Claud\Desktop\userhub\src\domain\usecases\UpdateAddressUseCase.ts">
        <metrics statements="3" coveredstatements="3" conditionals="0" coveredconditionals="0" methods="2" coveredmethods="2"/>
        <line num="4" count="1" type="stmt"/>
        <line num="5" count="6" type="stmt"/>
        <line num="8" count="2" type="stmt"/>
      </file>
      <file name="UpdateUserUseCase.ts" path="C:\Users\Claud\Desktop\userhub\src\domain\usecases\UpdateUserUseCase.ts">
        <metrics statements="7" coveredstatements="7" conditionals="1" coveredconditionals="1" methods="2" coveredmethods="2"/>
        <line num="5" count="1" type="stmt"/>
        <line num="7" count="1" type="stmt"/>
        <line num="8" count="1" type="stmt"/>
        <line num="12" count="2" type="stmt"/>
        <line num="13" count="2" type="cond" truecount="1" falsecount="0"/>
        <line num="14" count="1" type="stmt"/>
        <line num="16" count="2" type="stmt"/>
      </file>
    </package>
    <package name="infra.mongoose.mappers">
      <metrics statements="9" coveredstatements="9" conditionals="8" coveredconditionals="5" methods="5" coveredmethods="5"/>
      <file name="AddressMapper.ts" path="C:\Users\Claud\Desktop\userhub\src\infra\mongoose\mappers\AddressMapper.ts">
        <metrics statements="3" coveredstatements="3" conditionals="0" coveredconditionals="0" methods="2" coveredmethods="2"/>
        <line num="9" count="1" type="stmt"/>
        <line num="13" count="1" type="stmt"/>
        <line num="22" count="2" type="stmt"/>
      </file>
      <file name="UserMapper.ts" path="C:\Users\Claud\Desktop\userhub\src\infra\mongoose\mappers\UserMapper.ts">
        <metrics statements="6" coveredstatements="6" conditionals="8" coveredconditionals="5" methods="3" coveredmethods="3"/>
        <line num="2" count="1" type="stmt"/>
        <line num="8" count="1" type="stmt"/>
        <line num="12" count="2" type="cond" truecount="3" falsecount="1"/>
        <line num="19" count="1" type="stmt"/>
        <line num="24" count="1" type="stmt"/>
        <line num="28" count="2" type="stmt"/>
      </file>
    </package>
  </project>
</coverage>
