{"C:\\Users\\Claud\\Desktop\\userhub\\src\\__tests__\\fakes\\generateFakeAddress.ts": {"path":"C:\\Users\\Claud\\Desktop\\userhub\\src\\__tests__\\fakes\\generateFakeAddress.ts","statementMap":{"0":{"start":{"line":2,"column":0},"end":{"line":2,"column":36}},"1":{"start":{"line":4,"column":35},"end":{"line":11,"column":1}},"2":{"start":{"line":5,"column":2},"end":{"line":10,"column":4}},"3":{"start":{"line":4,"column":13},"end":{"line":4,"column":35}}},"fnMap":{"0":{"name":"(anonymous_0)","decl":{"start":{"line":4,"column":35},"end":{"line":4,"column":48}},"loc":{"start":{"line":4,"column":50},"end":{"line":11,"column":1}}}},"branchMap":{},"s":{"0":2,"1":2,"2":13,"3":2},"f":{"0":13},"b":{}}
,"C:\\Users\\Claud\\Desktop\\userhub\\src\\__tests__\\fakes\\generateFakeUser.ts": {"path":"C:\\Users\\Claud\\Desktop\\userhub\\src\\__tests__\\fakes\\generateFakeUser.ts","statementMap":{"0":{"start":{"line":1,"column":0},"end":{"line":1,"column":53}},"1":{"start":{"line":2,"column":0},"end":{"line":2,"column":36}},"2":{"start":{"line":3,"column":0},"end":{"line":3,"column":60}},"3":{"start":{"line":5,"column":32},"end":{"line":16,"column":1}},"4":{"start":{"line":6,"column":29},"end":{"line":13,"column":4}},"5":{"start":{"line":15,"column":2},"end":{"line":15,"column":52}},"6":{"start":{"line":5,"column":13},"end":{"line":5,"column":32}}},"fnMap":{"0":{"name":"(anonymous_0)","decl":{"start":{"line":5,"column":32},"end":{"line":5,"column":33}},"loc":{"start":{"line":5,"column":69},"end":{"line":16,"column":1}}}},"branchMap":{},"s":{"0":1,"1":1,"2":1,"3":1,"4":4,"5":4,"6":1},"f":{"0":4},"b":{}}
,"C:\\Users\\Claud\\Desktop\\userhub\\src\\domain\\entities\\User.ts": {"path":"C:\\Users\\Claud\\Desktop\\userhub\\src\\domain\\entities\\User.ts","statementMap":{"0":{"start":{"line":21,"column":4},"end":{"line":21,"column":32}},"1":{"start":{"line":25,"column":4},"end":{"line":25,"column":31}},"2":{"start":{"line":12,"column":0},"end":{"line":12,"column":13}}},"fnMap":{"0":{"name":"(anonymous_0)","decl":{"start":{"line":20,"column":2},"end":{"line":20,"column":14}},"loc":{"start":{"line":20,"column":27},"end":{"line":22,"column":3}}},"1":{"name":"(anonymous_1)","decl":{"start":{"line":24,"column":2},"end":{"line":24,"column":18}},"loc":{"start":{"line":24,"column":35},"end":{"line":26,"column":3}}}},"branchMap":{},"s":{"0":12,"1":0,"2":1},"f":{"0":12,"1":0},"b":{}}
,"C:\\Users\\Claud\\Desktop\\userhub\\src\\domain\\usecases\\CreateAddressUseCase.ts": {"path":"C:\\Users\\Claud\\Desktop\\userhub\\src\\domain\\usecases\\CreateAddressUseCase.ts","statementMap":{"0":{"start":{"line":5,"column":22},"end":{"line":5,"column":59}},"1":{"start":{"line":8,"column":4},"end":{"line":8,"column":47}},"2":{"start":{"line":4,"column":0},"end":{"line":4,"column":13}}},"fnMap":{"0":{"name":"(anonymous_7)","decl":{"start":{"line":5,"column":2},"end":{"line":5,"column":22}},"loc":{"start":{"line":5,"column":59},"end":{"line":5,"column":63}}},"1":{"name":"(anonymous_8)","decl":{"start":{"line":7,"column":8},"end":{"line":7,"column":15}},"loc":{"start":{"line":7,"column":38},"end":{"line":9,"column":null}}}},"branchMap":{},"s":{"0":2,"1":2,"2":1},"f":{"0":2,"1":2},"b":{}}
,"C:\\Users\\Claud\\Desktop\\userhub\\src\\domain\\usecases\\CreateUserUseCase.ts": {"path":"C:\\Users\\Claud\\Desktop\\userhub\\src\\domain\\usecases\\CreateUserUseCase.ts","statementMap":{"0":{"start":{"line":6,"column":22},"end":{"line":6,"column":53}},"1":{"start":{"line":9,"column":4},"end":{"line":9,"column":44}},"2":{"start":{"line":5,"column":0},"end":{"line":5,"column":13}}},"fnMap":{"0":{"name":"(anonymous_7)","decl":{"start":{"line":6,"column":2},"end":{"line":6,"column":22}},"loc":{"start":{"line":6,"column":53},"end":{"line":6,"column":57}}},"1":{"name":"(anonymous_8)","decl":{"start":{"line":8,"column":8},"end":{"line":8,"column":15}},"loc":{"start":{"line":8,"column":36},"end":{"line":10,"column":null}}}},"branchMap":{},"s":{"0":1,"1":8,"2":1},"f":{"0":1,"1":8},"b":{}}
,"C:\\Users\\Claud\\Desktop\\userhub\\src\\domain\\usecases\\DeleteUserUseCase.ts": {"path":"C:\\Users\\Claud\\Desktop\\userhub\\src\\domain\\usecases\\DeleteUserUseCase.ts","statementMap":{"0":{"start":{"line":4,"column":22},"end":{"line":4,"column":53}},"1":{"start":{"line":7,"column":4},"end":{"line":7,"column":42}},"2":{"start":{"line":3,"column":0},"end":{"line":3,"column":13}}},"fnMap":{"0":{"name":"(anonymous_7)","decl":{"start":{"line":4,"column":2},"end":{"line":4,"column":22}},"loc":{"start":{"line":4,"column":53},"end":{"line":4,"column":57}}},"1":{"name":"(anonymous_8)","decl":{"start":{"line":6,"column":8},"end":{"line":6,"column":15}},"loc":{"start":{"line":6,"column":26},"end":{"line":8,"column":null}}}},"branchMap":{},"s":{"0":1,"1":1,"2":1},"f":{"0":1,"1":1},"b":{}}
,"C:\\Users\\Claud\\Desktop\\userhub\\src\\domain\\usecases\\FindAllUsersUseCase.ts": {"path":"C:\\Users\\Claud\\Desktop\\userhub\\src\\domain\\usecases\\FindAllUsersUseCase.ts","statementMap":{"0":{"start":{"line":5,"column":22},"end":{"line":5,"column":53}},"1":{"start":{"line":8,"column":4},"end":{"line":8,"column":41}},"2":{"start":{"line":4,"column":0},"end":{"line":4,"column":13}}},"fnMap":{"0":{"name":"(anonymous_7)","decl":{"start":{"line":5,"column":2},"end":{"line":5,"column":22}},"loc":{"start":{"line":5,"column":53},"end":{"line":5,"column":57}}},"1":{"name":"(anonymous_8)","decl":{"start":{"line":7,"column":8},"end":{"line":7,"column":15}},"loc":{"start":{"line":7,"column":15},"end":{"line":9,"column":null}}}},"branchMap":{},"s":{"0":1,"1":1,"2":1},"f":{"0":1,"1":1},"b":{}}
,"C:\\Users\\Claud\\Desktop\\userhub\\src\\domain\\usecases\\GetUserUseCase.ts": {"path":"C:\\Users\\Claud\\Desktop\\userhub\\src\\domain\\usecases\\GetUserUseCase.ts","statementMap":{"0":{"start":{"line":5,"column":22},"end":{"line":5,"column":53}},"1":{"start":{"line":8,"column":4},"end":{"line":8,"column":44}},"2":{"start":{"line":4,"column":0},"end":{"line":4,"column":13}}},"fnMap":{"0":{"name":"(anonymous_7)","decl":{"start":{"line":5,"column":2},"end":{"line":5,"column":22}},"loc":{"start":{"line":5,"column":53},"end":{"line":5,"column":57}}},"1":{"name":"(anonymous_8)","decl":{"start":{"line":7,"column":8},"end":{"line":7,"column":15}},"loc":{"start":{"line":7,"column":26},"end":{"line":9,"column":null}}}},"branchMap":{},"s":{"0":1,"1":2,"2":1},"f":{"0":1,"1":2},"b":{}}
,"C:\\Users\\Claud\\Desktop\\userhub\\src\\domain\\usecases\\UpdateUserUseCase.ts": {"path":"C:\\Users\\Claud\\Desktop\\userhub\\src\\domain\\usecases\\UpdateUserUseCase.ts","statementMap":{"0":{"start":{"line":7,"column":12},"end":{"line":7,"column":43}},"1":{"start":{"line":8,"column":12},"end":{"line":8,"column":47}},"2":{"start":{"line":12,"column":25},"end":{"line":12,"column":29}},"3":{"start":{"line":13,"column":4},"end":{"line":15,"column":5}},"4":{"start":{"line":14,"column":6},"end":{"line":14,"column":68}},"5":{"start":{"line":16,"column":4},"end":{"line":16,"column":48}},"6":{"start":{"line":5,"column":0},"end":{"line":5,"column":13}}},"fnMap":{"0":{"name":"(anonymous_7)","decl":{"start":{"line":6,"column":2},"end":{"line":6,"column":null}},"loc":{"start":{"line":8,"column":47},"end":{"line":9,"column":6}}},"1":{"name":"(anonymous_8)","decl":{"start":{"line":11,"column":8},"end":{"line":11,"column":15}},"loc":{"start":{"line":11,"column":48},"end":{"line":17,"column":null}}}},"branchMap":{"0":{"loc":{"start":{"line":13,"column":4},"end":{"line":15,"column":5}},"type":"if","locations":[{"start":{"line":13,"column":4},"end":{"line":15,"column":5}}]}},"s":{"0":1,"1":1,"2":2,"3":2,"4":1,"5":2,"6":1},"f":{"0":1,"1":2},"b":{"0":[1]}}
}
