TN:
SF:src\__tests__\fakes\generateFakeAddress.ts
FN:4,(anonymous_0)
FNF:1
FNH:1
FNDA:12,(anonymous_0)
DA:2,2
DA:4,2
DA:5,12
LF:3
LH:3
BRF:0
BRH:0
end_of_record
TN:
SF:src\__tests__\fakes\generateFakeUser.ts
FN:5,(anonymous_0)
FNF:1
FNH:1
FNDA:4,(anonymous_0)
DA:1,1
DA:2,1
DA:3,1
DA:5,1
DA:6,4
DA:15,4
LF:6
LH:6
BRF:0
BRH:0
end_of_record
TN:
SF:src\domain\entities\User.ts
FN:20,(anonymous_0)
FN:24,(anonymous_1)
FNF:2
FNH:1
FNDA:13,(anonymous_0)
FNDA:0,(anonymous_1)
DA:12,2
DA:21,13
DA:25,0
LF:3
LH:2
BRF:0
BRH:0
end_of_record
TN:
SF:src\domain\usecases\ComparePasswordUseCase.ts
FN:4,(anonymous_7)
FN:6,(anonymous_8)
FNF:2
FNH:2
FNDA:3,(anonymous_7)
FNDA:1,(anonymous_8)
DA:3,1
DA:4,3
DA:7,1
LF:3
LH:3
BRF:0
BRH:0
end_of_record
TN:
SF:src\domain\usecases\CreateAddressUseCase.ts
FN:5,(anonymous_7)
FN:7,(anonymous_8)
FNF:2
FNH:2
FNDA:6,(anonymous_7)
FNDA:6,(anonymous_8)
DA:4,1
DA:5,6
DA:8,6
LF:3
LH:3
BRF:0
BRH:0
end_of_record
TN:
SF:src\domain\usecases\CreateUserUseCase.ts
FN:6,(anonymous_7)
FN:8,(anonymous_8)
FNF:2
FNH:2
FNDA:1,(anonymous_7)
FNDA:8,(anonymous_8)
DA:5,1
DA:6,1
DA:9,8
LF:3
LH:3
BRF:0
BRH:0
end_of_record
TN:
SF:src\domain\usecases\DeleteAddressUseCase.ts
FN:4,(anonymous_7)
FN:6,(anonymous_8)
FNF:2
FNH:2
FNDA:6,(anonymous_7)
FNDA:2,(anonymous_8)
DA:3,1
DA:4,6
DA:7,2
LF:3
LH:3
BRF:0
BRH:0
end_of_record
TN:
SF:src\domain\usecases\DeleteUserUseCase.ts
FN:4,(anonymous_7)
FN:6,(anonymous_8)
FNF:2
FNH:2
FNDA:1,(anonymous_7)
FNDA:1,(anonymous_8)
DA:3,1
DA:4,1
DA:7,1
LF:3
LH:3
BRF:0
BRH:0
end_of_record
TN:
SF:src\domain\usecases\FindAllAddressesUseCase.ts
FN:5,(anonymous_7)
FN:7,(anonymous_8)
FN:7,(anonymous_9)
FNF:3
FNH:3
FNDA:6,(anonymous_7)
FNDA:2,(anonymous_8)
FNDA:2,(anonymous_9)
DA:4,1
DA:5,6
DA:7,2
DA:8,2
LF:4
LH:4
BRDA:7,0,0,2
BRF:1
BRH:1
end_of_record
TN:
SF:src\domain\usecases\FindAllUsersUseCase.ts
FN:5,(anonymous_7)
FN:7,(anonymous_8)
FNF:2
FNH:2
FNDA:1,(anonymous_7)
FNDA:1,(anonymous_8)
DA:4,1
DA:5,1
DA:8,1
LF:3
LH:3
BRF:0
BRH:0
end_of_record
TN:
SF:src\domain\usecases\GetAddressesUseCase.ts
FN:5,(anonymous_7)
FN:7,(anonymous_8)
FN:8,(anonymous_9)
FNF:3
FNH:3
FNDA:6,(anonymous_7)
FNDA:1,(anonymous_8)
FNDA:1,(anonymous_9)
DA:4,1
DA:5,6
DA:8,1
DA:11,1
LF:4
LH:4
BRDA:9,0,0,1
BRF:1
BRH:1
end_of_record
TN:
SF:src\domain\usecases\GetUserUseCase.ts
FN:5,(anonymous_7)
FN:7,(anonymous_8)
FNF:2
FNH:2
FNDA:1,(anonymous_7)
FNDA:2,(anonymous_8)
DA:4,1
DA:5,1
DA:8,2
LF:3
LH:3
BRF:0
BRH:0
end_of_record
TN:
SF:src\domain\usecases\HashPasswordUseCase.ts
FN:4,(anonymous_7)
FN:6,(anonymous_8)
FNF:2
FNH:2
FNDA:3,(anonymous_7)
FNDA:1,(anonymous_8)
DA:3,1
DA:4,3
DA:7,1
LF:3
LH:3
BRF:0
BRH:0
end_of_record
TN:
SF:src\domain\usecases\UpdateAddressUseCase.ts
FN:5,(anonymous_7)
FN:7,(anonymous_8)
FNF:2
FNH:2
FNDA:6,(anonymous_7)
FNDA:2,(anonymous_8)
DA:4,1
DA:5,6
DA:8,2
LF:3
LH:3
BRF:0
BRH:0
end_of_record
TN:
SF:src\domain\usecases\UpdateUserUseCase.ts
FN:6,(anonymous_7)
FN:11,(anonymous_8)
FNF:2
FNH:2
FNDA:1,(anonymous_7)
FNDA:2,(anonymous_8)
DA:5,1
DA:7,1
DA:8,1
DA:12,2
DA:13,2
DA:14,1
DA:16,2
LF:7
LH:7
BRDA:13,0,0,1
BRF:1
BRH:1
end_of_record
TN:
SF:src\infra\mongoose\mappers\AddressMapper.ts
FN:10,(anonymous_0)
FN:21,(anonymous_1)
FNF:2
FNH:2
FNDA:1,(anonymous_0)
FNDA:2,(anonymous_1)
DA:9,1
DA:13,1
DA:22,2
LF:3
LH:3
BRF:0
BRH:0
end_of_record
TN:
SF:src\infra\mongoose\mappers\UserMapper.ts
FN:9,(anonymous_0)
FN:12,(anonymous_1)
FN:27,(anonymous_2)
FNF:3
FNH:3
FNDA:1,(anonymous_0)
FNDA:2,(anonymous_1)
FNDA:2,(anonymous_2)
DA:2,1
DA:8,1
DA:12,2
DA:19,1
DA:24,1
DA:28,2
LF:6
LH:6
BRDA:12,0,0,0
BRDA:12,0,1,1
BRDA:12,1,0,1
BRDA:12,1,1,1
BRDA:13,2,0,2
BRDA:13,2,1,0
BRDA:14,3,0,2
BRDA:14,3,1,0
BRF:8
BRH:5
end_of_record
